<?xml version="1.0" encoding="UTF-8"?>
<!-- Generated by org.testng.reporters.JUnitReportReporter -->
<testsuite skipped="0" hostname="Praveen-PC" name="week5.day1.framework.CreateLead2" tests="3" failures="0" timestamp="2020-02-23T21:20:14 IST" time="99.047" errors="0">
  <testcase name="pgm" time="33.147" classname="week5.day1.framework.CreateLead2"/>
  <testcase name="pgm" time="20.900" classname="week5.day1.framework.CreateLead2"/>
  <testcase name="pgm" time="45.000" classname="week5.day1.framework.CreateLead2"/>
</testsuite> <!-- week5.day1.framework.CreateLead2 -->
