<?xml version="1.0" encoding="UTF-8"?>
<!-- Generated by org.testng.reporters.JUnitReportReporter -->
<testsuite skipped="0" hostname="Praveen-PC" name="week5.day1.framework.CreateLead" tests="2" failures="0" timestamp="2020-02-23T10:56:32 IST" time="33.091" errors="0">
  <testcase name="pgm" time="17.269" classname="week5.day1.framework.CreateLead"/>
  <testcase name="pgm" time="15.822" classname="week5.day1.framework.CreateLead"/>
</testsuite> <!-- week5.day1.framework.CreateLead -->
