<?xml version="1.0" encoding="UTF-8"?>
<!-- Generated by org.testng.reporters.JUnitReportReporter -->
<testsuite skipped="0" hostname="Praveen-PC" name="week5.day1.framework.EditLead" tests="1" failures="0" timestamp="2020-02-22T10:41:44 IST" time="102.124" errors="0">
  <testcase name="Edit" time="102.124" classname="week5.day1.framework.EditLead"/>
</testsuite> <!-- week5.day1.framework.EditLead -->
